TN:
SF:src\app\app.component.html
FNF:0
FNH:0
DA:1,1
LF:1
LH:1
BRF:0
BRH:0
end_of_record
TN:
SF:src\app\app.component.ts
FNF:0
FNH:0
DA:1,1
DA:8,1
DA:9,1
LF:3
LH:3
BRF:0
BRH:0
end_of_record
TN:
SF:src\app\common\components\common.module.ts
FNF:0
FNH:0
DA:1,3
DA:2,3
DA:3,3
DA:4,3
DA:5,3
DA:6,3
DA:7,3
DA:8,3
DA:9,3
DA:10,3
DA:11,3
DA:41,3
LF:12
LH:12
BRF:0
BRH:0
end_of_record
TN:
SF:src\app\common\components\confirm-modal\confirm-modal.component.html
FNF:0
FNH:0
DA:1,1
LF:1
LH:1
BRF:0
BRH:0
end_of_record
TN:
SF:src\app\common\components\confirm-modal\confirm-modal.component.ts
FN:17,(anonymous_0)
FN:23,(anonymous_1)
FNF:2
FNH:2
FNDA:2,(anonymous_0)
FNDA:1,(anonymous_1)
DA:1,1
DA:2,1
DA:3,1
DA:14,1
DA:20,2
DA:24,1
DA:25,1
LF:7
LH:7
BRF:0
BRH:0
end_of_record
TN:
SF:src\app\common\components\custom-input\custom-input.component.html
FNF:0
FNH:0
DA:1,4
LF:1
LH:1
BRF:0
BRH:0
end_of_record
TN:
SF:src\app\common\components\custom-input\custom-input.component.ts
FN:42,(anonymous_0)
FN:45,(anonymous_1)
FN:48,(anonymous_2)
FN:55,(anonymous_3)
FN:59,(anonymous_4)
FN:63,(anonymous_5)
FN:67,(anonymous_6)
FNF:7
FNH:4
FNDA:32,(anonymous_0)
FNDA:32,(anonymous_1)
FNDA:0,(anonymous_2)
FNDA:140,(anonymous_3)
FNDA:70,(anonymous_4)
FNDA:0,(anonymous_5)
FNDA:0,(anonymous_6)
DA:1,4
DA:2,4
DA:15,4
DA:16,32
DA:17,32
DA:18,32
DA:19,32
DA:20,32
DA:21,32
DA:22,32
DA:23,32
DA:24,32
DA:25,32
DA:26,32
DA:27,32
DA:29,32
DA:30,32
DA:31,32
DA:32,32
DA:34,32
DA:35,32
DA:36,32
DA:37,32
DA:39,32
DA:40,32
DA:42,32
DA:49,0
DA:50,0
DA:51,0
DA:56,140
DA:60,70
DA:64,0
DA:68,0
LF:33
LH:28
BRDA:50,0,0,0
BRDA:50,1,0,0
BRDA:50,1,1,0
BRDA:60,2,0,70
BRDA:60,2,1,0
BRF:5
BRH:1
end_of_record
TN:
SF:src\app\common\components\error\error.component.html
FNF:0
FNH:0
DA:1,4
LF:1
LH:1
BRF:0
BRH:0
end_of_record
TN:
SF:src\app\common\components\error\error.component.ts
FN:14,(anonymous_0)
FN:16,(anonymous_1)
FNF:2
FNH:2
FNDA:1,(anonymous_0)
FNDA:1,(anonymous_1)
DA:1,4
DA:8,4
DA:11,1
DA:12,1
LF:4
LH:4
BRF:0
BRH:0
end_of_record
TN:
SF:src\app\common\components\p-select\p-select.component.html
FNF:0
FNH:0
DA:1,4
LF:1
LH:1
BRF:0
BRH:0
end_of_record
TN:
SF:src\app\common\components\p-select\p-select.component.ts
FN:55,(anonymous_0)
FN:77,(anonymous_1)
FN:80,(anonymous_2)
FN:133,(anonymous_3)
FN:134,(anonymous_4)
FN:173,(anonymous_5)
FN:176,(anonymous_6)
FN:60,(anonymous_7)
FN:66,(anonymous_8)
FN:70,(anonymous_9)
FN:84,(anonymous_10)
FN:89,(anonymous_11)
FN:93,(anonymous_12)
FN:97,(anonymous_13)
FN:101,(anonymous_14)
FN:105,(anonymous_15)
FN:109,(anonymous_16)
FN:114,(anonymous_17)
FN:117,(anonymous_18)
FN:124,(anonymous_19)
FN:126,(anonymous_20)
FN:136,(anonymous_21)
FN:141,(anonymous_22)
FN:144,(anonymous_23)
FN:148,(anonymous_24)
FN:154,(anonymous_25)
FN:162,(anonymous_26)
FN:168,(anonymous_27)
FN:25,(anonymous_29)
FN:181,(anonymous_30)
FN:188,(anonymous_31)
FNF:31
FNH:2
FNDA:0,(anonymous_0)
FNDA:0,(anonymous_1)
FNDA:0,(anonymous_2)
FNDA:0,(anonymous_3)
FNDA:0,(anonymous_4)
FNDA:0,(anonymous_5)
FNDA:0,(anonymous_6)
FNDA:0,(anonymous_7)
FNDA:0,(anonymous_8)
FNDA:0,(anonymous_9)
FNDA:0,(anonymous_10)
FNDA:0,(anonymous_11)
FNDA:0,(anonymous_12)
FNDA:0,(anonymous_13)
FNDA:0,(anonymous_14)
FNDA:0,(anonymous_15)
FNDA:0,(anonymous_16)
FNDA:0,(anonymous_17)
FNDA:0,(anonymous_18)
FNDA:0,(anonymous_19)
FNDA:0,(anonymous_20)
FNDA:0,(anonymous_21)
FNDA:0,(anonymous_22)
FNDA:0,(anonymous_23)
FNDA:0,(anonymous_24)
FNDA:0,(anonymous_25)
FNDA:0,(anonymous_26)
FNDA:0,(anonymous_27)
FNDA:0,(anonymous_29)
FNDA:4,(anonymous_30)
FNDA:4,(anonymous_31)
DA:1,4
DA:13,4
DA:14,4
DA:15,4
DA:25,0
DA:30,4
DA:34,0
DA:35,0
DA:36,0
DA:42,0
DA:44,0
DA:45,0
DA:47,0
DA:53,0
DA:55,0
DA:57,0
DA:61,0
DA:67,0
DA:71,0
DA:72,0
DA:73,0
DA:77,0
DA:80,0
DA:85,0
DA:86,0
DA:90,0
DA:94,0
DA:98,0
DA:102,0
DA:106,0
DA:110,0
DA:112,0
DA:114,0
DA:116,0
DA:117,0
DA:119,0
DA:124,0
DA:127,0
DA:133,0
DA:134,0
DA:137,0
DA:138,0
DA:139,0
DA:140,0
DA:141,0
DA:145,0
DA:149,0
DA:150,0
DA:151,0
DA:156,0
DA:158,0
DA:159,0
DA:163,0
DA:164,0
DA:169,0
DA:173,0
DA:174,0
DA:175,0
DA:176,0
DA:181,4
DA:182,4
DA:183,4
DA:184,4
DA:185,4
DA:188,4
DA:189,4
DA:190,4
DA:191,4
DA:192,4
LF:69
LH:15
BRDA:174,0,0,0
BRDA:61,1,0,0
BRDA:61,1,1,0
BRDA:61,2,0,0
BRDA:61,2,1,0
BRDA:61,3,0,0
BRDA:61,3,1,0
BRDA:63,4,0,0
BRDA:63,4,1,0
BRDA:63,5,0,0
BRDA:63,5,1,0
BRDA:63,6,0,0
BRDA:63,6,1,0
BRDA:71,7,0,0
BRDA:86,8,0,0
BRDA:86,8,1,0
BRDA:106,9,0,0
BRDA:106,9,1,0
BRDA:116,10,0,0
BRDA:137,11,0,0
BRDA:137,11,1,0
BRDA:138,12,0,0
BRDA:138,12,1,0
BRDA:139,13,0,0
BRDA:139,13,1,0
BRDA:145,14,0,0
BRDA:145,14,1,0
BRDA:156,15,0,0
BRDA:156,15,1,0
BRDA:158,16,0,0
BRDA:164,17,0,0
BRDA:164,17,1,0
BRDA:181,18,0,4
BRDA:181,18,1,4
BRDA:188,19,0,4
BRDA:188,19,1,4
BRF:36
BRH:4
end_of_record
TN:
SF:src\app\common\components\p-select-multiple\p-select-multiple.component.html
FNF:0
FNH:0
DA:1,4
LF:1
LH:1
BRF:0
BRH:0
end_of_record
TN:
SF:src\app\common\components\p-select-multiple\p-select-multiple.component.ts
FN:57,(anonymous_0)
FN:127,(anonymous_1)
FN:128,(anonymous_2)
FN:60,(anonymous_3)
FN:64,(anonymous_4)
FN:75,(anonymous_5)
FN:81,(anonymous_6)
FN:85,(anonymous_7)
FN:89,(anonymous_8)
FN:100,(anonymous_9)
FN:107,(anonymous_10)
FN:110,(anonymous_11)
FN:117,(anonymous_12)
FN:119,(anonymous_13)
FN:130,(anonymous_14)
FN:141,(anonymous_15)
FN:148,(anonymous_16)
FN:149,(anonymous_17)
FN:155,(anonymous_18)
FN:160,(anonymous_19)
FN:164,(anonymous_20)
FN:170,(anonymous_22)
FN:177,(anonymous_23)
FNF:23
FNH:8
FNDA:123,(anonymous_0)
FNDA:0,(anonymous_1)
FNDA:0,(anonymous_2)
FNDA:123,(anonymous_3)
FNDA:129,(anonymous_4)
FNDA:270,(anonymous_5)
FNDA:1350,(anonymous_6)
FNDA:270,(anonymous_7)
FNDA:0,(anonymous_8)
FNDA:0,(anonymous_9)
FNDA:0,(anonymous_10)
FNDA:0,(anonymous_11)
FNDA:0,(anonymous_12)
FNDA:0,(anonymous_13)
FNDA:0,(anonymous_14)
FNDA:0,(anonymous_15)
FNDA:0,(anonymous_16)
FNDA:0,(anonymous_17)
FNDA:0,(anonymous_18)
FNDA:0,(anonymous_19)
FNDA:0,(anonymous_20)
FNDA:4,(anonymous_22)
FNDA:4,(anonymous_23)
DA:1,4
DA:12,4
DA:13,4
DA:14,4
DA:21,4
DA:23,123
DA:29,123
DA:30,123
DA:31,123
DA:37,123
DA:39,123
DA:40,123
DA:41,123
DA:43,123
DA:48,123
DA:51,123
DA:53,123
DA:57,123
DA:61,123
DA:67,129
DA:68,129
DA:69,6
DA:70,6
DA:71,6
DA:76,270
DA:82,1350
DA:86,270
DA:90,0
DA:92,0
DA:93,0
DA:95,0
DA:97,0
DA:105,0
DA:107,0
DA:109,0
DA:110,0
DA:112,0
DA:117,0
DA:120,0
DA:124,0
DA:127,123
DA:128,0
DA:131,0
DA:134,0
DA:143,0
DA:145,0
DA:146,0
DA:148,0
DA:150,0
DA:151,0
DA:156,0
DA:161,0
DA:164,0
DA:170,4
DA:171,4
DA:172,4
DA:173,4
DA:174,4
DA:177,4
DA:178,4
DA:179,4
DA:180,4
DA:181,4
LF:63
LH:38
BRDA:68,0,0,6
BRDA:68,1,0,129
BRDA:68,1,1,129
BRDA:76,2,0,0
BRDA:76,2,1,270
BRDA:76,3,0,258
BRDA:76,3,1,12
BRDA:76,4,0,270
BRDA:76,4,1,12
BRDA:78,5,0,270
BRDA:78,5,1,270
BRDA:78,6,0,258
BRDA:78,6,1,12
BRDA:78,7,0,270
BRDA:78,7,1,12
BRDA:92,8,0,0
BRDA:92,8,1,0
BRDA:109,9,0,0
BRDA:143,10,0,0
BRDA:143,10,1,0
BRDA:145,11,0,0
BRDA:151,12,0,0
BRDA:151,12,1,0
BRDA:161,13,0,0
BRDA:161,13,1,0
BRDA:170,14,0,4
BRDA:170,14,1,4
BRDA:177,15,0,4
BRDA:177,15,1,4
BRF:29
BRH:18
end_of_record
TN:
SF:src\app\common\components\table\table.component.html
FNF:0
FNH:0
DA:1,4
LF:1
LH:1
BRF:0
BRH:0
end_of_record
TN:
SF:src\app\common\components\table\table.component.ts
FN:53,(anonymous_0)
FN:56,(anonymous_1)
FN:61,(anonymous_2)
FN:68,(anonymous_3)
FN:74,(anonymous_4)
FN:75,(anonymous_5)
FN:76,(anonymous_6)
FN:84,(anonymous_7)
FN:91,(anonymous_8)
FN:95,(anonymous_9)
FN:96,(anonymous_10)
FN:99,(anonymous_11)
FN:109,(anonymous_12)
FN:116,(anonymous_13)
FN:130,(anonymous_14)
FN:138,(anonymous_15)
FN:146,(anonymous_16)
FN:149,(anonymous_17)
FN:159,(anonymous_18)
FN:171,(anonymous_19)
FN:188,(anonymous_20)
FN:194,(anonymous_21)
FN:202,(anonymous_22)
FN:214,(anonymous_24)
FN:215,(anonymous_25)
FN:216,(anonymous_26)
FNF:26
FNH:0
FNDA:0,(anonymous_0)
FNDA:0,(anonymous_1)
FNDA:0,(anonymous_2)
FNDA:0,(anonymous_3)
FNDA:0,(anonymous_4)
FNDA:0,(anonymous_5)
FNDA:0,(anonymous_6)
FNDA:0,(anonymous_7)
FNDA:0,(anonymous_8)
FNDA:0,(anonymous_9)
FNDA:0,(anonymous_10)
FNDA:0,(anonymous_11)
FNDA:0,(anonymous_12)
FNDA:0,(anonymous_13)
FNDA:0,(anonymous_14)
FNDA:0,(anonymous_15)
FNDA:0,(anonymous_16)
FNDA:0,(anonymous_17)
FNDA:0,(anonymous_18)
FNDA:0,(anonymous_19)
FNDA:0,(anonymous_20)
FNDA:0,(anonymous_21)
FNDA:0,(anonymous_22)
FNDA:0,(anonymous_24)
FNDA:0,(anonymous_25)
FNDA:0,(anonymous_26)
DA:1,4
DA:13,4
DA:14,4
DA:15,4
DA:24,4
DA:30,0
DA:33,0
DA:35,0
DA:39,0
DA:40,0
DA:42,0
DA:43,0
DA:44,0
DA:53,0
DA:57,0
DA:58,0
DA:62,0
DA:63,0
DA:64,0
DA:69,0
DA:71,0
DA:74,0
DA:75,0
DA:77,0
DA:78,0
DA:85,0
DA:86,0
DA:92,0
DA:95,0
DA:96,0
DA:100,0
DA:102,0
DA:106,0
DA:110,0
DA:113,0
DA:117,0
DA:126,0
DA:131,0
DA:139,0
DA:141,0
DA:146,0
DA:149,0
DA:150,0
DA:151,0
DA:154,0
DA:160,0
DA:172,0
DA:178,0
DA:183,0
DA:184,0
DA:189,0
DA:190,0
DA:191,0
DA:195,0
DA:196,0
DA:197,0
DA:203,0
DA:214,4
DA:215,0
DA:216,0
DA:217,0
LF:61
LH:6
BRDA:62,0,0,0
BRDA:62,1,0,0
BRDA:62,1,1,0
BRDA:77,2,0,0
BRDA:95,3,0,0
BRDA:95,3,1,0
BRDA:95,4,0,0
BRDA:95,4,1,0
BRDA:100,5,0,0
BRDA:100,6,0,0
BRDA:100,6,1,0
BRDA:106,7,0,0
BRDA:106,7,1,0
BRDA:163,8,0,0
BRDA:163,8,1,0
BRDA:175,9,0,0
BRDA:175,9,1,0
BRDA:189,10,0,0
BRDA:189,10,1,0
BRDA:217,11,0,0
BRDA:217,11,1,0
BRDA:217,11,2,0
BRF:22
BRH:0
end_of_record
TN:
SF:src\app\common\components\table\atoms\context-menu.component.ts
FN:65,(anonymous_1)
FNF:1
FNH:0
FNDA:0,(anonymous_1)
DA:1,3
DA:59,3
DA:63,0
DA:66,0
LF:4
LH:2
BRF:0
BRH:0
end_of_record
TN:
SF:src\app\common\components\table\atoms\tb-pagination.component.ts
FN:161,(anonymous_0)
FN:188,(anonymous_1)
FN:164,(anonymous_2)
FN:168,(anonymous_3)
FN:174,(anonymous_4)
FN:175,(anonymous_5)
FN:180,(anonymous_6)
FN:181,(anonymous_7)
FN:184,(anonymous_8)
FN:194,(anonymous_9)
FN:210,(anonymous_10)
FNF:11
FNH:0
FNDA:0,(anonymous_0)
FNDA:0,(anonymous_1)
FNDA:0,(anonymous_2)
FNDA:0,(anonymous_3)
FNDA:0,(anonymous_4)
FNDA:0,(anonymous_5)
FNDA:0,(anonymous_6)
FNDA:0,(anonymous_7)
FNDA:0,(anonymous_8)
FNDA:0,(anonymous_9)
FNDA:0,(anonymous_10)
DA:1,3
DA:13,3
DA:149,3
DA:155,0
DA:158,0
DA:161,0
DA:165,0
DA:169,0
DA:170,0
DA:171,0
DA:175,0
DA:176,0
DA:181,0
DA:185,0
DA:188,0
DA:189,0
DA:190,0
DA:191,0
DA:195,0
DA:196,0
DA:197,0
DA:200,0
DA:201,0
DA:207,0
DA:211,0
DA:212,0
DA:214,0
DA:215,0
DA:217,0
DA:218,0
DA:220,0
DA:221,0
DA:222,0
DA:223,0
DA:226,0
DA:227,0
DA:228,0
DA:230,0
DA:231,0
DA:232,0
DA:234,0
LF:41
LH:3
BRDA:181,0,0,0
BRDA:181,0,1,0
BRDA:194,1,0,0
BRDA:200,2,0,0
BRDA:211,3,0,0
BRDA:214,4,0,0
BRDA:217,5,0,0
BRDA:226,6,0,0
BRDA:230,7,0,0
BRF:9
BRH:0
end_of_record
TN:
SF:src\app\common\modal\bootstrap-modal.module.ts
FN:14,dialogServiceFactory
FN:35,(anonymous_1)
FNF:2
FNH:0
FNDA:0,dialogServiceFactory
FNDA:0,(anonymous_1)
DA:1,2
DA:2,2
DA:3,2
DA:4,2
DA:5,2
DA:14,2
DA:15,0
DA:34,2
DA:36,0
LF:9
LH:7
BRF:0
BRH:0
end_of_record
TN:
SF:src\app\common\modal\dialog-holder.component.ts
FN:32,(anonymous_0)
FN:41,(anonymous_1)
FN:53,(anonymous_2)
FN:58,(anonymous_3)
FN:81,(anonymous_4)
FN:86,(anonymous_5)
FN:91,(anonymous_6)
FN:99,(anonymous_7)
FNF:8
FNH:0
FNDA:0,(anonymous_0)
FNDA:0,(anonymous_1)
FNDA:0,(anonymous_2)
FNDA:0,(anonymous_3)
FNDA:0,(anonymous_4)
FNDA:0,(anonymous_5)
FNDA:0,(anonymous_6)
FNDA:0,(anonymous_7)
DA:1,2
DA:6,2
DA:15,2
DA:26,0
DA:32,0
DA:42,0
DA:43,0
DA:44,0
DA:45,0
DA:46,0
DA:47,0
DA:48,0
DA:51,0
DA:53,0
DA:54,0
DA:55,0
DA:57,0
DA:58,0
DA:59,0
DA:62,0
DA:63,0
DA:65,0
DA:66,0
DA:68,0
DA:69,0
DA:71,0
DA:72,0
DA:74,0
DA:82,0
DA:84,0
DA:85,0
DA:86,0
DA:87,0
DA:92,0
DA:93,0
DA:94,0
DA:95,0
DA:100,0
DA:101,0
LF:39
LH:3
BRDA:42,0,0,0
BRDA:42,0,1,0
BRDA:47,1,0,0
BRDA:47,1,1,0
BRDA:57,2,0,0
BRDA:62,3,0,0
BRDA:65,4,0,0
BRDA:68,5,0,0
BRDA:71,6,0,0
BRDA:93,7,0,0
BRF:10
BRH:0
end_of_record
TN:
SF:src\app\common\modal\dialog-wrapper.component.ts
FN:73,(anonymous_0)
FN:42,(anonymous_1)
FN:83,(anonymous_2)
FN:96,(anonymous_3)
FN:98,(anonymous_4)
FN:101,(anonymous_5)
FN:106,(anonymous_6)
FNF:7
FNH:0
FNDA:0,(anonymous_0)
FNDA:0,(anonymous_1)
FNDA:0,(anonymous_2)
FNDA:0,(anonymous_3)
FNDA:0,(anonymous_4)
FNDA:0,(anonymous_5)
FNDA:0,(anonymous_6)
DA:1,2
DA:13,2
DA:15,2
DA:37,2
DA:43,0
DA:44,0
DA:45,0
DA:73,0
DA:74,0
DA:75,0
DA:84,0
DA:85,0
DA:86,0
DA:87,0
DA:88,0
DA:89,0
DA:90,0
DA:97,0
DA:98,0
DA:99,0
DA:101,0
DA:102,0
DA:107,0
LF:23
LH:4
BRDA:45,0,0,0
BRDA:45,0,1,0
BRDA:45,1,0,0
BRDA:45,1,1,0
BRF:4
BRH:0
end_of_record
TN:
SF:src\app\common\modal\dialog.component.ts
FN:35,(anonymous_0)
FN:42,(anonymous_1)
FN:50,(anonymous_2)
FN:52,(anonymous_3)
FN:61,(anonymous_4)
FN:69,(anonymous_5)
FNF:6
FNH:3
FNDA:2,(anonymous_0)
FNDA:0,(anonymous_1)
FNDA:0,(anonymous_2)
FNDA:0,(anonymous_3)
FNDA:1,(anonymous_4)
FNDA:1,(anonymous_5)
DA:1,1
DA:2,1
DA:4,1
DA:13,1
DA:35,2
DA:43,0
DA:44,0
DA:45,0
DA:46,0
DA:48,0
DA:50,0
DA:51,0
DA:52,0
DA:53,0
DA:62,1
DA:70,1
DA:71,0
LF:17
LH:7
BRDA:43,0,0,0
BRDA:43,0,1,0
BRDA:70,1,0,0
BRF:3
BRH:0
end_of_record
TN:
SF:src\app\common\modal\dialog.service.ts
FN:17,(anonymous_0)
FN:42,(anonymous_1)
FN:46,(anonymous_2)
FN:57,(anonymous_3)
FN:68,(anonymous_4)
FN:78,(anonymous_5)
FN:86,(anonymous_6)
FN:104,(anonymous_7)
FNF:8
FNH:3
FNDA:0,(anonymous_0)
FNDA:3,(anonymous_1)
FNDA:1,(anonymous_2)
FNDA:0,(anonymous_3)
FNDA:1,(anonymous_4)
FNDA:0,(anonymous_5)
FNDA:0,(anonymous_6)
FNDA:0,(anonymous_7)
DA:1,2
DA:4,2
DA:17,2
DA:18,0
DA:22,2
DA:42,3
DA:43,3
DA:47,1
DA:58,0
DA:59,0
DA:61,0
DA:69,1
DA:70,1
DA:72,0
DA:79,0
DA:88,0
DA:90,0
DA:91,0
DA:92,0
DA:93,0
DA:94,0
DA:95,0
DA:98,0
DA:99,0
DA:102,0
DA:104,0
DA:105,0
DA:107,0
DA:109,0
LF:29
LH:9
BRDA:43,0,0,3
BRDA:43,0,1,0
BRDA:58,1,0,0
BRDA:69,2,0,1
BRDA:92,3,0,0
BRDA:98,4,0,0
BRF:6
BRH:2
end_of_record
TN:
SF:src\app\common\utils\base64ToArray.ts
FN:1,(anonymous_0)
FNF:1
FNH:1
FNDA:1,(anonymous_0)
DA:1,4
DA:2,1
DA:3,1
DA:4,1
DA:5,1
DA:6,5061
DA:8,1
DA:12,4
LF:8
LH:8
BRF:0
BRH:0
end_of_record
TN:
SF:src\app\common\utils\fn.ts
FN:1,(anonymous_0)
FN:5,(anonymous_1)
FNF:2
FNH:2
FNDA:14,(anonymous_0)
FNDA:6,(anonymous_1)
DA:1,3
DA:2,14
DA:5,3
DA:6,6
DA:10,3
DA:11,3
LF:6
LH:6
BRDA:2,0,0,14
BRDA:2,0,1,13
BRF:2
BRH:2
end_of_record
TN:
SF:src\app\common\utils\validate-date.ts
FN:1,validateDate
FN:11,responseSetter
FN:23,daysInMonth
FN:29,getAllIndexes
FN:37,dateValidator
FN:51,(anonymous_5)
FN:52,(anonymous_6)
FN:64,(anonymous_7)
FN:68,(anonymous_8)
FN:72,(anonymous_9)
FNF:10
FNH:10
FNDA:23,validateDate
FNDA:23,responseSetter
FNDA:16,daysInMonth
FNDA:57,getAllIndexes
FNDA:19,dateValidator
FNDA:57,(anonymous_5)
FNDA:57,(anonymous_6)
FNDA:57,(anonymous_7)
FNDA:57,(anonymous_8)
FNDA:57,(anonymous_9)
DA:1,3
DA:2,23
DA:3,23
DA:4,4
DA:7,19
DA:12,23
DA:14,3
DA:16,20
DA:19,0
DA:24,16
DA:26,16
DA:30,57
DA:31,57
DA:32,171
DA:34,57
DA:38,19
DA:40,19
DA:41,14
DA:44,19
DA:46,19
DA:50,19
DA:51,57
DA:52,57
DA:54,19
DA:56,19
DA:58,19
DA:62,19
DA:64,57
DA:66,19
DA:68,57
DA:70,19
DA:72,57
DA:75,19
DA:79,1
DA:82,18
DA:83,17
DA:84,17
DA:85,17
DA:86,17
DA:87,17
DA:93,3
DA:96,1
DA:100,14
LF:43
LH:42
BRDA:1,0,0,13
BRDA:1,1,0,18
BRDA:3,2,0,4
BRDA:12,3,0,3
BRDA:12,3,1,20
BRDA:12,3,2,0
BRDA:26,4,0,2
BRDA:26,4,1,14
BRDA:26,5,0,16
BRDA:26,5,1,9
BRDA:32,6,0,57
BRDA:38,7,0,19
BRDA:40,8,0,14
BRDA:41,9,0,9
BRDA:41,9,1,5
BRDA:44,10,0,0
BRDA:44,11,0,19
BRDA:44,11,1,19
BRDA:46,12,0,9
BRDA:46,12,1,10
BRDA:54,13,0,0
BRDA:56,14,0,9
BRDA:56,14,1,10
BRDA:75,15,0,1
BRDA:75,16,0,19
BRDA:75,16,1,18
BRDA:75,16,2,18
BRDA:82,17,0,17
BRDA:82,17,1,1
BRDA:87,18,0,3
BRDA:88,19,0,17
BRDA:88,19,1,17
BRDA:88,19,2,16
BRDA:88,19,3,14
BRDA:88,19,4,14
BRF:35
BRH:32
end_of_record
TN:
SF:src\app\components\base\base.component.html
FNF:0
FNH:0
DA:1,1
LF:1
LH:1
BRF:0
BRH:0
end_of_record
TN:
SF:src\app\components\base\base.component.ts
FN:16,(anonymous_0)
FN:22,(anonymous_1)
FN:27,(anonymous_2)
FN:31,(anonymous_3)
FNF:4
FNH:2
FNDA:1,(anonymous_0)
FNDA:1,(anonymous_1)
FNDA:0,(anonymous_2)
FNDA:0,(anonymous_3)
DA:1,1
DA:2,1
DA:3,1
DA:11,1
DA:13,1
DA:16,1
DA:17,1
DA:18,1
DA:19,1
DA:23,1
DA:24,1
DA:28,0
DA:32,0
LF:13
LH:11
BRDA:23,0,0,1
BRDA:23,0,1,0
BRF:2
BRH:1
end_of_record
TN:
SF:src\app\components\discharged-person-report\discharged-person-report.component.html
FNF:0
FNH:0
DA:1,1
LF:1
LH:1
BRF:0
BRH:0
end_of_record
TN:
SF:src\app\components\discharged-person-report\discharged-person-report.component.ts
FN:48,(anonymous_0)
FN:64,(anonymous_1)
FN:67,(anonymous_2)
FN:75,(anonymous_3)
FN:79,(anonymous_4)
FN:83,(anonymous_5)
FN:87,(anonymous_6)
FN:91,(anonymous_7)
FN:95,(anonymous_8)
FN:101,(anonymous_9)
FN:125,(anonymous_10)
FN:128,(anonymous_11)
FN:140,(anonymous_12)
FN:145,(anonymous_13)
FN:149,(anonymous_14)
FN:154,(anonymous_15)
FN:169,(anonymous_16)
FN:184,(anonymous_17)
FN:186,(anonymous_18)
FN:194,(anonymous_19)
FN:199,(anonymous_20)
FN:209,(anonymous_21)
FN:210,(anonymous_22)
FN:228,(anonymous_23)
FN:271,(anonymous_24)
FNF:25
FNH:23
FNDA:13,(anonymous_0)
FNDA:0,(anonymous_1)
FNDA:0,(anonymous_2)
FNDA:15,(anonymous_3)
FNDA:16,(anonymous_4)
FNDA:14,(anonymous_5)
FNDA:42,(anonymous_6)
FNDA:17,(anonymous_7)
FNDA:14,(anonymous_8)
FNDA:13,(anonymous_9)
FNDA:13,(anonymous_10)
FNDA:1,(anonymous_11)
FNDA:3,(anonymous_12)
FNDA:13,(anonymous_13)
FNDA:4,(anonymous_14)
FNDA:13,(anonymous_15)
FNDA:1,(anonymous_16)
FNDA:1,(anonymous_17)
FNDA:1,(anonymous_18)
FNDA:1,(anonymous_19)
FNDA:1,(anonymous_20)
FNDA:30,(anonymous_21)
FNDA:73,(anonymous_22)
FNDA:2,(anonymous_23)
FNDA:1,(anonymous_24)
DA:1,1
DA:2,1
DA:3,1
DA:4,1
DA:5,1
DA:6,1
DA:7,1
DA:8,1
DA:9,1
DA:11,1
DA:12,1
DA:13,1
DA:22,1
DA:23,13
DA:34,13
DA:37,13
DA:38,13
DA:39,13
DA:40,13
DA:42,13
DA:49,13
DA:50,13
DA:51,13
DA:52,13
DA:53,13
DA:54,13
DA:56,13
DA:57,13
DA:58,13
DA:59,13
DA:61,13
DA:65,0
DA:67,0
DA:76,15
DA:80,16
DA:84,14
DA:88,42
DA:92,17
DA:96,14
DA:102,13
DA:122,13
DA:127,13
DA:129,1
DA:130,1
DA:134,13
DA:135,13
DA:136,13
DA:137,13
DA:138,13
DA:139,13
DA:141,3
DA:146,13
DA:150,4
DA:151,4
DA:155,13
DA:170,1
DA:185,1
DA:187,1
DA:188,0
DA:189,0
DA:190,0
DA:191,0
DA:192,0
DA:195,1
DA:200,1
DA:203,1
DA:210,30
DA:211,73
DA:212,73
DA:213,67
DA:216,6
DA:217,2
DA:220,4
DA:221,1
DA:224,3
DA:236,2
DA:238,2
DA:262,2
DA:264,1
DA:268,2
DA:272,1
LF:81
LH:74
BRDA:212,0,0,67
BRDA:212,1,0,73
BRDA:212,1,1,69
BRDA:216,2,0,2
BRDA:216,3,0,6
BRDA:216,3,1,4
BRDA:220,4,0,1
BRDA:239,5,0,0
BRDA:239,5,1,2
BRDA:239,6,0,0
BRDA:239,6,1,2
BRDA:239,7,0,2
BRDA:239,7,1,2
BRDA:240,8,0,0
BRDA:240,8,1,2
BRDA:240,9,0,0
BRDA:240,9,1,2
BRDA:240,10,0,2
BRDA:240,10,1,2
BRDA:241,11,0,0
BRDA:241,11,1,2
BRDA:241,12,0,0
BRDA:241,12,1,2
BRDA:241,13,0,2
BRDA:241,13,1,2
BRDA:242,14,0,0
BRDA:242,14,1,2
BRDA:242,15,0,0
BRDA:242,15,1,2
BRDA:242,16,0,2
BRDA:242,16,1,2
BRDA:262,17,0,1
BRDA:262,18,0,2
BRDA:262,18,1,1
BRF:34
BRH:26
end_of_record
TN:
SF:src\app\components\new-person-report\new-person-report.component.html
FNF:0
FNH:0
DA:1,1
LF:1
LH:1
BRF:0
BRH:0
end_of_record
TN:
SF:src\app\components\new-person-report\new-person-report.component.ts
FN:48,(anonymous_0)
FN:64,(anonymous_1)
FN:67,(anonymous_2)
FN:72,(anonymous_3)
FN:94,(anonymous_4)
FN:98,(anonymous_5)
FN:102,(anonymous_6)
FN:106,(anonymous_7)
FN:110,(anonymous_8)
FN:114,(anonymous_9)
FN:118,(anonymous_10)
FN:124,(anonymous_11)
FN:148,(anonymous_12)
FN:152,(anonymous_13)
FN:162,(anonymous_14)
FN:167,(anonymous_15)
FN:171,(anonymous_16)
FN:176,(anonymous_17)
FN:220,(anonymous_18)
FN:227,(anonymous_19)
FN:228,(anonymous_20)
FN:246,(anonymous_21)
FN:255,(anonymous_22)
FN:264,(anonymous_23)
FN:266,(anonymous_24)
FN:274,(anonymous_25)
FN:278,(anonymous_26)
FNF:27
FNH:25
FNDA:14,(anonymous_0)
FNDA:0,(anonymous_1)
FNDA:0,(anonymous_2)
FNDA:14,(anonymous_3)
FNDA:16,(anonymous_4)
FNDA:17,(anonymous_5)
FNDA:15,(anonymous_6)
FNDA:47,(anonymous_7)
FNDA:18,(anonymous_8)
FNDA:18,(anonymous_9)
FNDA:15,(anonymous_10)
FNDA:14,(anonymous_11)
FNDA:14,(anonymous_12)
FNDA:1,(anonymous_13)
FNDA:5,(anonymous_14)
FNDA:14,(anonymous_15)
FNDA:6,(anonymous_16)
FNDA:3,(anonymous_17)
FNDA:1,(anonymous_18)
FNDA:32,(anonymous_19)
FNDA:95,(anonymous_20)
FNDA:1,(anonymous_21)
FNDA:1,(anonymous_22)
FNDA:1,(anonymous_23)
FNDA:1,(anonymous_24)
FNDA:1,(anonymous_25)
FNDA:1,(anonymous_26)
DA:1,1
DA:2,1
DA:3,1
DA:5,1
DA:6,1
DA:7,1
DA:8,1
DA:9,1
DA:10,1
DA:11,1
DA:13,1
DA:14,1
DA:22,1
DA:23,14
DA:34,14
DA:35,14
DA:36,14
DA:37,14
DA:40,14
DA:42,14
DA:49,14
DA:50,14
DA:51,14
DA:52,14
DA:53,14
DA:54,14
DA:56,14
DA:57,14
DA:58,14
DA:59,14
DA:61,14
DA:65,0
DA:67,0
DA:73,14
DA:95,16
DA:99,17
DA:103,15
DA:107,47
DA:111,18
DA:115,18
DA:119,15
DA:125,14
DA:145,14
DA:149,14
DA:150,14
DA:151,14
DA:153,1
DA:154,1
DA:157,14
DA:158,14
DA:159,14
DA:160,14
DA:161,14
DA:163,5
DA:168,14
DA:172,6
DA:173,6
DA:185,3
DA:187,3
DA:204,3
DA:205,3
DA:206,2
DA:211,3
DA:213,1
DA:217,3
DA:221,1
DA:228,32
DA:229,95
DA:230,95
DA:231,85
DA:234,10
DA:235,4
DA:238,6
DA:239,2
DA:242,4
DA:247,1
DA:250,1
DA:256,1
DA:259,1
DA:265,1
DA:267,1
DA:268,0
DA:269,0
DA:270,0
DA:271,0
DA:272,0
DA:275,1
DA:279,1
LF:88
LH:81
BRDA:188,0,0,2
BRDA:188,0,1,1
BRDA:188,1,0,0
BRDA:188,1,1,3
BRDA:188,2,0,3
BRDA:188,2,1,3
BRDA:189,3,0,0
BRDA:189,3,1,3
BRDA:189,4,0,2
BRDA:189,4,1,1
BRDA:189,5,0,3
BRDA:189,5,1,1
BRDA:190,6,0,0
BRDA:190,6,1,3
BRDA:190,7,0,2
BRDA:190,7,1,1
BRDA:190,8,0,3
BRDA:190,8,1,1
BRDA:191,9,0,0
BRDA:191,9,1,3
BRDA:191,10,0,0
BRDA:191,10,1,3
BRDA:191,11,0,3
BRDA:191,11,1,3
BRDA:205,12,0,2
BRDA:205,13,0,3
BRDA:205,13,1,2
BRDA:211,14,0,1
BRDA:211,15,0,3
BRDA:211,15,1,2
BRDA:230,16,0,85
BRDA:230,17,0,95
BRDA:230,17,1,88
BRDA:234,18,0,4
BRDA:234,19,0,10
BRDA:234,19,1,7
BRDA:238,20,0,2
BRF:37
BRH:32
end_of_record
TN:
SF:src\app\components\page-error\page-error.component.html
FNF:0
FNH:0
DA:1,1
LF:1
LH:1
BRF:0
BRH:0
end_of_record
TN:
SF:src\app\components\page-error\page-error.component.ts
FN:10,(anonymous_0)
FN:12,(anonymous_1)
FNF:2
FNH:2
FNDA:4,(anonymous_0)
FNDA:4,(anonymous_1)
DA:1,1
DA:8,1
LF:2
LH:2
BRF:0
BRH:0
end_of_record
TN:
SF:src\app\components\unassigned-person-report\unassigned-person-report.component.html
FNF:0
FNH:0
DA:1,1
LF:1
LH:1
BRF:0
BRH:0
end_of_record
TN:
SF:src\app\components\unassigned-person-report\unassigned-person-report.component.ts
FN:44,(anonymous_0)
FN:59,(anonymous_1)
FN:62,(anonymous_2)
FN:66,(anonymous_3)
FN:80,(anonymous_4)
FN:84,(anonymous_5)
FN:88,(anonymous_6)
FN:92,(anonymous_7)
FN:98,(anonymous_8)
FN:100,(anonymous_9)
FN:108,(anonymous_10)
FN:113,(anonymous_11)
FN:118,(anonymous_12)
FN:128,(anonymous_13)
FN:134,(anonymous_14)
FN:139,(anonymous_15)
FN:143,(anonymous_16)
FN:148,(anonymous_17)
FN:165,(anonymous_18)
FNF:19
FNH:15
FNDA:5,(anonymous_0)
FNDA:0,(anonymous_1)
FNDA:0,(anonymous_2)
FNDA:5,(anonymous_3)
FNDA:6,(anonymous_4)
FNDA:16,(anonymous_5)
FNDA:6,(anonymous_6)
FNDA:6,(anonymous_7)
FNDA:1,(anonymous_8)
FNDA:1,(anonymous_9)
FNDA:1,(anonymous_10)
FNDA:1,(anonymous_11)
FNDA:5,(anonymous_12)
FNDA:5,(anonymous_13)
FNDA:0,(anonymous_14)
FNDA:5,(anonymous_15)
FNDA:0,(anonymous_16)
FNDA:1,(anonymous_17)
FNDA:1,(anonymous_18)
DA:1,1
DA:2,1
DA:3,1
DA:5,1
DA:6,1
DA:7,1
DA:9,1
DA:10,1
DA:11,1
DA:19,1
DA:20,5
DA:30,5
DA:31,5
DA:32,5
DA:33,5
DA:36,5
DA:38,5
DA:45,5
DA:46,5
DA:47,5
DA:48,5
DA:49,5
DA:51,5
DA:52,5
DA:53,5
DA:54,5
DA:56,5
DA:60,0
DA:62,0
DA:67,5
DA:81,6
DA:85,16
DA:89,6
DA:93,6
DA:99,1
DA:101,1
DA:102,0
DA:103,0
DA:104,0
DA:105,0
DA:106,0
DA:109,1
DA:114,1
DA:115,1
DA:119,5
DA:125,5
DA:129,5
DA:130,5
DA:131,5
DA:132,5
DA:133,5
DA:135,0
DA:140,5
DA:144,0
DA:145,0
DA:154,1
DA:156,1
DA:162,1
DA:166,1
LF:59
LH:49
BRDA:157,0,0,0
BRDA:157,0,1,1
BRDA:157,1,0,0
BRDA:157,1,1,1
BRDA:157,2,0,1
BRDA:157,2,1,1
BRDA:158,3,0,0
BRDA:158,3,1,1
BRDA:158,4,0,0
BRDA:158,4,1,1
BRDA:158,5,0,1
BRDA:158,5,1,1
BRDA:159,6,0,0
BRDA:159,6,1,1
BRDA:159,7,0,0
BRDA:159,7,1,1
BRDA:159,8,0,1
BRDA:159,8,1,1
BRF:18
BRH:12
end_of_record
TN:
SF:src\app\services\celula.service.ts
FN:10,(anonymous_0)
FN:17,(anonymous_1)
FN:77,(anonymous_2)
FNF:3
FNH:3
FNDA:3,(anonymous_0)
FNDA:1,(anonymous_1)
FNDA:1,(anonymous_2)
DA:1,4
DA:2,4
DA:3,4
DA:7,4
DA:8,3
DA:10,3
DA:18,1
DA:78,1
LF:8
LH:8
BRF:0
BRH:0
end_of_record
TN:
SF:src\app\services\discharged-person-report.service.ts
FN:12,(anonymous_0)
FN:21,(anonymous_1)
FN:34,(anonymous_2)
FNF:3
FNH:3
FNDA:3,(anonymous_0)
FNDA:1,(anonymous_1)
FNDA:1,(anonymous_2)
DA:1,2
DA:2,2
DA:3,2
DA:8,2
DA:10,3
DA:12,3
DA:22,1
DA:35,1
LF:8
LH:8
BRF:0
BRH:0
end_of_record
TN:
SF:src\app\services\person-report.service.ts
FN:12,(anonymous_0)
FN:21,(anonymous_1)
FN:34,(anonymous_2)
FNF:3
FNH:3
FNDA:3,(anonymous_0)
FNDA:1,(anonymous_1)
FNDA:1,(anonymous_2)
DA:2,2
DA:3,2
DA:4,2
DA:8,2
DA:10,3
DA:12,3
DA:22,1
DA:35,1
LF:8
LH:8
BRF:0
BRH:0
end_of_record
TN:
SF:src\app\services\profile.service.ts
FN:12,(anonymous_0)
FN:19,(anonymous_1)
FNF:2
FNH:2
FNDA:2,(anonymous_0)
FNDA:1,(anonymous_1)
DA:1,4
DA:2,4
DA:4,4
DA:8,4
DA:10,2
DA:12,2
DA:20,1
LF:7
LH:7
BRF:0
BRH:0
end_of_record
TN:
SF:src\app\services\providers.service.ts
FN:12,(anonymous_0)
FN:20,(anonymous_1)
FNF:2
FNH:2
FNDA:34,(anonymous_0)
FNDA:33,(anonymous_1)
DA:1,4
DA:2,4
DA:4,4
DA:8,4
DA:10,34
DA:12,34
DA:21,33
LF:7
LH:7
BRF:0
BRH:0
end_of_record
TN:
SF:src\app\services\seniority.service.ts
FN:13,(anonymous_0)
FN:21,(anonymous_1)
FNF:2
FNH:2
FNDA:2,(anonymous_0)
FNDA:1,(anonymous_1)
DA:2,2
DA:3,2
DA:4,2
DA:9,2
DA:11,2
DA:13,2
DA:22,1
LF:7
LH:7
BRF:0
BRH:0
end_of_record
TN:
SF:src\app\services\tribu.service.ts
FN:12,(anonymous_0)
FN:21,(anonymous_1)
FNF:2
FNH:2
FNDA:2,(anonymous_0)
FNDA:1,(anonymous_1)
DA:1,4
DA:2,4
DA:4,4
DA:8,4
DA:10,2
DA:12,2
DA:22,1
LF:7
LH:7
BRF:0
BRH:0
end_of_record
TN:
SF:src\app\services\unassigned-person-report.service.ts
FN:13,(anonymous_0)
FN:22,(anonymous_1)
FN:35,(anonymous_2)
FNF:3
FNH:3
FNDA:3,(anonymous_0)
FNDA:1,(anonymous_1)
FNDA:1,(anonymous_2)
DA:1,2
DA:3,2
DA:4,2
DA:9,2
DA:11,3
DA:13,3
DA:23,1
DA:36,1
LF:8
LH:8
BRF:0
BRH:0
end_of_record
TN:
SF:src\environments\environment.ts
FNF:0
FNH:0
DA:5,11
LF:1
LH:1
BRF:0
BRH:0
end_of_record
